2024-12-10 04:36:25,908 - INFO - Starting approval interactive mode.
2024-12-10 04:36:29,698 - INFO - Toggled display from Processed to Raw
2024-12-10 04:36:31,401 - INFO - User approved 'A Stolen Life' by 'Jane Louise Curry' for IMG_1538_001.jpg
2024-12-10 04:36:37,128 - INFO - User approved 'Child of the Dream' by 'Sharon Robinson' for IMG_1538_002.jpg
2024-12-10 04:36:38,117 - INFO - User approved 'Just Jane' by 'William Lavender' for IMG_1538_003.jpg
2024-12-10 04:36:39,391 - INFO - User approved 'Wolf by the Ears' by 'Ann Rinaldi' for IMG_1538_004.jpg
2024-12-10 04:36:45,760 - INFO - User skipped IMG_1538_005.jpg
2024-12-10 04:36:51,314 - INFO - User approved 'My Brother Sam is Dead' by 'James Lincoln Collier, Christopher Collier' for IMG_1538_006.jpg
2024-12-10 04:36:56,868 - INFO - User approved 'It Rained Warm Bread' by 'Gloria Moskowitz-Sweet, Hope Anita Smith' for IMG_1538_007.jpg
2024-12-10 04:37:00,533 - INFO - User approved 'Finishing Becca' by 'Ann Rinaldi' for IMG_1538_008.jpg
2024-12-10 04:37:03,671 - INFO - User approved 'Jip' by 'Katherine Paterson' for IMG_1538_009.jpg
2024-12-10 04:37:05,852 - INFO - User approved 'Al Capone Does My Shirts' by 'Gennifer Choldenko' for IMG_1538_010.jpg
2024-12-10 04:37:15,927 - INFO - User skipped IMG_1538_011.jpg
2024-12-10 04:37:19,926 - INFO - User approved 'Mine Eyes Have Seen' by 'Ann Rinaldi' for IMG_1538_012.jpg
2024-12-10 04:37:25,006 - INFO - User skipped IMG_1538_013.jpg
2024-12-10 04:37:30,489 - INFO - User approved 'Red Moon at Sharpsburg' by 'Rosemary Wells' for IMG_1538_014.jpg
2024-12-10 04:37:31,967 - INFO - User approved 'Girl in Blue' by 'Ann Rinaldi' for IMG_1538_015.jpg
2024-12-10 04:37:43,683 - INFO - User approved 'Johnny Tremain' by 'Esther Hoskins Forbes' for IMG_1538_016.jpg
2024-12-10 04:37:45,754 - INFO - User approved 'Home of the Brave' by 'Katherine Applegate' for IMG_1538_017.jpg
2024-12-10 04:37:48,444 - INFO - User approved 'Second Bend in the River' by 'Ann Rinaldi' for IMG_1538_018.jpg
2024-12-10 04:37:50,387 - INFO - User approved 'A Break with Charity' by 'Ann Rinaldi' for IMG_1538_019.jpg
2024-12-10 04:37:56,556 - INFO - User skipped IMG_1538_020.jpg
2024-12-10 04:37:59,958 - INFO - User approved 'Lionboy' by 'Zizou Corder, Louisa Young, Isabel Adomakoh Young' for IMG_1538_021.jpg
2024-12-10 04:38:01,823 - INFO - User approved 'Hang a Thousand Trees with Ribbons' by 'Ann Rinaldi' for IMG_1538_022.jpg
2024-12-10 04:38:04,706 - INFO - User approved 'The Skin I'm In' by 'Sharon G. Flake' for IMG_1538_023.jpg
2024-12-10 04:38:07,042 - INFO - User approved 'Summer of My German Soldier' by 'Bette Greene' for IMG_1538_024.jpg
2024-12-10 04:38:08,784 - INFO - User approved 'The Birchbark House' by 'Louise Erdrich' for IMG_1538_025.jpg
2024-12-10 04:38:16,175 - INFO - User approved 'Daniel Half Human And The Good Nazi' by 'David Chotjewitz' for IMG_1538_026.jpg
2024-12-10 04:38:19,093 - INFO - User approved 'Chinese Cinderella' by 'Adeline Yen Mah' for IMG_1538_027.jpg
2024-12-10 04:38:21,118 - INFO - User approved 'Crow' by 'Barbara Wright' for IMG_1538_028.jpg
2024-12-10 04:38:27,719 - INFO - User skipped IMG_1538_029.jpg
2024-12-10 04:38:29,858 - INFO - User approved 'Belle Teal' by 'Ann M. Martin' for IMG_1538_030.jpg
2024-12-10 04:38:36,088 - INFO - User approved 'Ashes' by 'Kathryn Lasky' for IMG_1538_031.jpg
2024-12-10 04:38:39,417 - INFO - User approved 'The Seer of Shadows' by 'Avi' for IMG_1538_032.jpg
2024-12-10 04:38:41,399 - INFO - User approved 'The Coffin Quilt' by 'Ann Rinaldi' for IMG_1538_033.jpg
2024-12-10 04:38:46,667 - INFO - User approved 'March Toward the Thunder' by 'Joseph Bruchac' for IMG_1538_034.jpg
2024-12-10 04:38:49,059 - INFO - User approved 'Miss Spitfire' by 'Sarah Miller' for IMG_1538_035.jpg
2024-12-10 04:38:53,537 - INFO - User approved 'With the Might of Angels' by 'Andrea Davis Pinkney' for IMG_1538_036.jpg
2024-12-10 04:38:58,275 - INFO - User approved 'Sarah Bishop' by 'Scott O'Dell' for IMG_1538_037.jpg
2024-12-10 04:39:03,841 - INFO - User skipped IMG_1538_038.jpg
2024-12-10 04:39:09,713 - INFO - User skipped IMG_1538_039.jpg
2024-12-10 04:39:12,841 - INFO - User approved 'A Single Shard' by 'Linda Sue Park' for IMG_1538_040.jpg
2024-12-10 04:39:15,067 - INFO - User approved 'The Foreshadowing' by 'Marcus Sedgwick' for IMG_1538_041.jpg
2024-12-10 04:39:19,791 - INFO - User skipped IMG_1538_042.jpg
2024-12-10 04:39:24,093 - INFO - User approved 'The Diary of a Young Girl' by 'Anne Frank' for IMG_1538_043.jpg
2024-12-10 04:39:31,414 - INFO - User skipped IMG_1538_044.jpg
2024-12-10 04:39:36,678 - INFO - User skipped IMG_1538_045.jpg
2024-12-10 04:39:38,410 - INFO - User approved 'Iron Thunder' by 'Avi' for IMG_1538_046.jpg
2024-12-10 04:39:45,627 - INFO - User approved 'Evvy's Civil War' by 'Miriam Brenaman' for IMG_1538_047.jpg
2024-12-10 04:39:49,888 - INFO - User approved 'Betsy and the Emperor' by 'Staton Rabin,Larry Rostant' for IMG_1538_048.jpg
2024-12-10 04:39:52,806 - INFO - User skipped IMG_1538_049.jpg
2024-12-10 04:39:56,952 - INFO - User approved 'Numbering All the Bones' by 'Ann Rinaldi' for IMG_1538_050.jpg
2024-12-10 04:39:59,698 - INFO - User approved 'Just Juice' by 'Karen Hesse' for IMG_1538_051.jpg
2024-12-10 04:40:06,281 - INFO - User skipped IMG_1538_052.jpg
2024-12-10 04:40:08,640 - INFO - User approved 'The Secret School' by 'Avi' for IMG_1538_053.jpg
2024-12-10 04:40:10,507 - INFO - User approved 'True North' by 'Kathryn Lasky' for IMG_1538_054.jpg
2024-12-10 04:40:12,871 - INFO - User skipped IMG_1538_055.jpg
2024-12-10 04:40:15,542 - INFO - User approved 'Out of the Dust' by 'Karen Hesse' for IMG_1538_056.jpg
2024-12-10 04:40:19,603 - INFO - User approved 'Beyond the Burning Time' by 'Kathryn Lasky' for IMG_1538_057.jpg
2024-12-10 04:40:21,337 - INFO - User approved 'The Staircase' by 'Ann Rinaldi' for IMG_1538_058.jpg
2024-12-10 04:40:29,054 - INFO - User skipped IMG_1538_059.jpg
2024-12-10 04:40:32,566 - INFO - User approved 'Chasing Lincoln's Killer' by 'James L. Swanson' for IMG_1538_060.jpg
2024-12-10 04:40:34,553 - INFO - User approved 'Soldier's Heart' by 'Gary Paulsen' for IMG_1538_061.jpg
2024-12-10 04:40:38,402 - INFO - User approved 'Boys without Names' by 'Kashmira Sheth' for IMG_1538_062.jpg
2024-12-10 04:40:41,009 - INFO - User skipped IMG_1538_063.jpg
2024-12-10 04:40:42,989 - INFO - User approved 'Flygirl' by 'Sherri L. Smith' for IMG_1538_064.jpg
2024-12-10 04:40:46,574 - INFO - User approved 'Shooting the Moon' by 'Frances O'Roark Dowell' for IMG_1538_065.jpg
2024-12-10 04:40:53,092 - INFO - User skipped IMG_1538_066.jpg
2024-12-10 04:40:56,573 - INFO - User approved 'Farewell to Manzanar' by 'Jeanne Houston' for IMG_1538_067.jpg
2024-12-10 04:41:04,949 - INFO - User skipped IMG_1538_068.jpg
2024-12-10 04:41:08,069 - INFO - User skipped IMG_1538_069.jpg
2024-12-10 04:41:14,885 - INFO - User skipped IMG_1538_070.jpg
2024-12-10 04:41:18,160 - INFO - User skipped IMG_1538_071.jpg
2024-12-10 04:41:22,864 - INFO - User approved 'Kizzy Ann Stamps' by 'Jeri Watts' for IMG_1538_072.jpg
2024-12-10 04:41:36,638 - INFO - User approved 'The Journal of Douglas Allen Deeds' by 'Rodman Philbrick' for IMG_1538_073.jpg
2024-12-10 04:41:40,697 - INFO - User skipped IMG_1538_074.jpg
2024-12-10 04:41:42,111 - INFO - User skipped IMG_1538_075.jpg
2024-12-10 04:41:44,599 - INFO - User approved 'The True Confessions of Charlotte Doyle' by 'Avi' for IMG_1538_076.jpg
2024-12-10 04:41:46,270 - INFO - User skipped IMG_1538_077.jpg
2024-12-10 04:41:49,721 - INFO - User approved 'Island of the Blue Dolphins' by 'Scott O'Dell' for IMG_1538_078.jpg
2024-12-10 04:41:52,083 - INFO - User approved 'Someone Named Eva' by 'Joan M. Wolf' for IMG_1538_079.jpg
2024-12-10 04:41:55,131 - INFO - User approved 'The Bomb' by 'Theodore Taylor' for IMG_1538_080.jpg
2024-12-10 04:41:59,554 - INFO - User skipped IMG_1538_081.jpg
2024-12-10 04:42:03,526 - INFO - User skipped IMG_1538_082.jpg
2024-12-10 04:42:05,654 - INFO - User skipped IMG_1538_083.jpg
2024-12-10 04:42:11,515 - INFO - User approved 'Civil War Spies' by 'Camilla J. Wilson' for IMG_1538_084.jpg
2024-12-10 04:42:16,308 - INFO - User approved 'Behind the Bedroom Wall' by 'Laura E. Williams' for IMG_1538_085.jpg
2024-12-10 04:42:17,552 - INFO - User skipped IMG_1538_086.jpg
2024-12-10 04:42:20,324 - INFO - User approved 'The Slave Dancer' by 'Paula Fox' for IMG_1538_087.jpg
2024-12-10 04:42:28,913 - INFO - User skipped IMG_1538_088.jpg
2024-12-10 04:42:32,701 - INFO - User approved 'A Long Walk to Water' by 'Linda Sue Park' for IMG_1538_089.jpg
2024-12-10 04:42:39,909 - INFO - User skipped IMG_1538_090.jpg
2024-12-10 04:42:41,805 - INFO - User skipped IMG_1538_091.jpg
2024-12-10 04:42:44,129 - INFO - User skipped IMG_1538_092.jpg
2024-12-10 04:42:46,932 - INFO - User approved 'A Gathering of Days' by 'Joan Blos' for IMG_1538_093.jpg
2024-12-10 04:42:49,588 - INFO - User approved 'The Kite Fighters' by 'Linda Sue Park' for IMG_1538_094.jpg
2024-12-10 04:42:52,541 - INFO - User skipped IMG_1538_095.jpg
2024-12-10 04:42:54,210 - INFO - User skipped IMG_1538_096.jpg
2024-12-10 04:42:55,306 - INFO - User skipped IMG_1538_097.jpg
2024-12-10 04:42:58,034 - INFO - User approved 'Bread and Roses, Too' by 'Katherine Paterson' for IMG_1538_098.jpg
2024-12-10 04:43:00,132 - INFO - User skipped IMG_1538_099.jpg
2024-12-10 04:43:02,482 - INFO - User approved 'Promises to the Dead' by 'Mary Downing Hahn' for IMG_1538_100.jpg
2024-12-10 04:43:07,679 - INFO - Toggled display from Raw to Processed
2024-12-10 04:43:08,990 - INFO - Toggled display from Processed to Raw
2024-12-10 04:43:10,426 - INFO - User skipped IMG_1538_101.jpg
2024-12-10 04:43:11,879 - INFO - User skipped IMG_1538_102.jpg
2024-12-10 04:43:15,772 - INFO - Toggled display from Raw to Processed
2024-12-10 04:43:17,066 - INFO - Toggled display from Processed to Raw
2024-12-10 04:43:17,890 - INFO - User approved 'I Am Malala' by 'Malala Yousafzai' for IMG_1538_103.jpg
2024-12-10 04:43:18,868 - INFO - Toggled display from Raw to Processed
2024-12-10 04:43:20,460 - INFO - Toggled display from Processed to Raw
2024-12-10 04:43:22,054 - INFO - User approved 'Farewell to Manzanar' by 'Jeanne Houston' for IMG_1538_104.jpg
2024-12-10 04:43:25,826 - INFO - Toggled display from Raw to Processed
2024-12-10 04:43:27,566 - INFO - Toggled display from Processed to Raw
2024-12-10 04:43:28,716 - INFO - User skipped IMG_1538_105.jpg
2024-12-10 04:43:29,615 - INFO - Toggled display from Raw to Processed
2024-12-10 04:43:31,131 - INFO - Toggled display from Processed to Raw
2024-12-10 04:43:33,018 - INFO - User approved 'Soldier X' by 'Don L. Wulffson' for IMG_1538_106.jpg
2024-12-10 04:43:34,118 - INFO - Toggled display from Raw to Processed
2024-12-10 04:43:35,314 - INFO - Toggled display from Processed to Raw
2024-12-10 04:43:36,116 - INFO - User skipped IMG_1538_107.jpg
2024-12-10 04:43:37,775 - INFO - Toggled display from Raw to Processed
2024-12-10 04:43:39,177 - INFO - Toggled display from Processed to Raw
2024-12-10 04:43:40,303 - INFO - Toggled display from Raw to Processed
2024-12-10 04:43:41,194 - INFO - Toggled display from Processed to Raw
2024-12-10 04:43:41,931 - INFO - User skipped IMG_1538_108.jpg
2024-12-10 04:43:43,631 - INFO - Toggled display from Raw to Processed
2024-12-10 04:43:45,359 - INFO - Toggled display from Processed to Raw
2024-12-10 04:43:47,073 - INFO - Toggled display from Raw to Processed
2024-12-10 04:43:48,644 - INFO - Toggled display from Processed to Raw
2024-12-10 04:43:49,089 - INFO - User approved 'Indian Captive' by 'Lois Lenski' for IMG_1538_109.jpg
2024-12-10 04:43:55,733 - INFO - Quitting approval interactive mode.
2024-12-10 04:43:55,737 - INFO - Approvals saved to /Users/Macington/Documents/Projects/Bookshelf Scanner/bookshelf_scanner/data/results/approvals.json
